\BOOKMARK [1][-]{section.1}{Foglio 1}{}% 1
\BOOKMARK [2][-]{subsection.1.1}{1 - Osservatori uniformemente accelerati}{section.1}% 2
\BOOKMARK [3][-]{section*.2}{Particella accelerata}{subsection.1.1}% 3
\BOOKMARK [4][-]{section*.3}{Achille e la lepre}{section*.2}% 4
\BOOKMARK [4][-]{section*.4}{Tempo proprio}{section*.2}% 5
\BOOKMARK [4][-]{section*.5}{109 anni-luce}{section*.2}% 6
\BOOKMARK [4][-]{section*.6}{Perch\350 non andiamo su Giove?}{section*.2}% 7
\BOOKMARK [4][-]{section*.7}{Razzo relativistico}{section*.2}% 8
\BOOKMARK [4][-]{section*.8}{Campo elettrico}{section*.2}% 9
\BOOKMARK [2][-]{subsection.1.2}{2 - Campo elettrico di una particella carica senza massa}{section.1}% 10
\BOOKMARK [3][-]{section*.9}{Quadripotenziale}{subsection.1.2}% 11
\BOOKMARK [4][-]{section*.10}{Tensore elettromagnetico}{section*.9}% 12
\BOOKMARK [4][-]{section*.11}{Coordinate cono-luce}{section*.9}% 13
\BOOKMARK [1][-]{section.2}{Foglio 2}{}% 14
\BOOKMARK [2][-]{subsection.2.1}{Proiezione stereografica}{section.2}% 15
\BOOKMARK [2][-]{subsection.2.2}{Rotazioni}{section.2}% 16
\BOOKMARK [1][-]{section.3}{Foglio 3}{}% 17
\BOOKMARK [2][-]{subsection.3.1}{Metrica bidimensionale}{section.3}% 18
\BOOKMARK [3][-]{subsubsection.3.1.1}{Traiettoria circolare}{subsection.3.1}% 19
\BOOKMARK [1][-]{section.4}{Foglio 4}{}% 20
\BOOKMARK [2][-]{subsection.4.1}{Osservatori in Minkowsky}{section.4}% 21
\BOOKMARK [2][-]{subsection.4.2}{manca}{section.4}% 22
\BOOKMARK [2][-]{subsection.4.3}{Schwartzschild per osservatori in moto}{section.4}% 23
\BOOKMARK [3][-]{subsubsection.4.3.1}{Osservatori in moto}{subsection.4.3}% 24
\BOOKMARK [3][-]{subsubsection.4.3.2}{Metrica di Aichelburg-Sexl}{subsection.4.3}% 25
\BOOKMARK [1][-]{section.5}{Foglio 5}{}% 26
\BOOKMARK [2][-]{subsection.5.1}{Campo debole}{section.5}% 27
\BOOKMARK [2][-]{subsection.5.2}{Funzione di Green}{section.5}% 28
